<?xml version="1.0" encoding="UTF-8"?>
<testsuite xmlns:xsi="http://www.w3.org/2001/XMLSchema-instance" xsi:noNamespaceSchemaLocation="https://maven.apache.org/surefire/maven-surefire-plugin/xsd/surefire-test-report.xsd" name="GeneralaTest" time="0.386" tests="15" errors="0" skipped="0" failures="0">
  <properties>
[...]
</properties>
  <testcase name="chance_scores_sum_of_all_dice" classname="GeneralaTest" time="0.13"/>
  <testcase name="fullHouse" classname="GeneralaTest" time="0.014"/>
  <testcase name="test_1s" classname="GeneralaTest" time="0.006"/>
  <testcase name="test_2s" classname="GeneralaTest" time="0.003"/>
  <testcase name="smallStraight" classname="GeneralaTest" time="0.036"/>
  <testcase name="sixes_test" classname="GeneralaTest" time="0.004"/>
  <testcase name="test_threes" classname="GeneralaTest" time="0.003"/>
  <testcase name="four_of_a_knd" classname="GeneralaTest" time="0.003"/>
  <testcase name="fives" classname="GeneralaTest" time="0.003"/>
  <testcase name="largeStraight" classname="GeneralaTest" time="0.002"/>
  <testcase name="three_of_a_kind" classname="GeneralaTest" time="0.002"/>
  <testcase name="yatzy_scores_50" classname="GeneralaTest" time="0.002"/>
  <testcase name="two_Pair" classname="GeneralaTest" time="0"/>
  <testcase name="fours_test" classname="GeneralaTest" time="0.004"/>
  <testcase name="one_pair" classname="GeneralaTest" time="0.003"/>
</testsuite>